<?xml version="1.0" encoding="utf-8"?><testsuites><testsuite name="pytest" errors="0" failures="0" skipped="0" tests="1" time="0.345" timestamp="2023-07-22T15:16:32.676196" hostname="fma-pc-kc04lx"><testcase classname="smec_path_planning.test.test_path_planning" name="test_check_goal" time="0.001" /></testsuite></testsuites>
<?xml version="1.0" encoding="utf-8"?><testsuites><testsuite name="pytest" errors="0" failures="0" skipped="0" tests="1" time="0.354" timestamp="2023-07-24T10:17:17.984427" hostname="fma-pc-kc04lx"><testcase classname="smec_path_planning.test.test_path_planning" name="test_check_intersection_over" time="0.001" /></testsuite></testsuites>